[0.763s] Invoking command in '/home/hector/workspaces/clase_4_ws/src/visual_pubsub': DEBUGINFOD_URLS=https://debuginfod.ubuntu.com PYTHONPATH=/home/hector/workspaces/clase_4_ws/src/build/visual_pubsub/prefix_override:/usr/lib/python3/dist-packages/colcon_core/task/python/colcon_distutils_commands:/home/hector/workspaces/clase_4_ws/src/install/visual_pubsub/lib/python3.12/site-packages:${PYTHONPATH} /usr/bin/python3 -W ignore:setup.py install is deprecated -W ignore:easy_install command is deprecated setup.py egg_info --egg-base ../build/visual_pubsub build --build-base /home/hector/workspaces/clase_4_ws/src/build/visual_pubsub/build install --record /home/hector/workspaces/clase_4_ws/src/build/visual_pubsub/install.log --single-version-externally-managed install_data
[1.008s] running egg_info
[1.008s] creating ../build/visual_pubsub/visual_pubsub.egg-info
[1.028s] writing ../build/visual_pubsub/visual_pubsub.egg-info/PKG-INFO
[1.028s] writing dependency_links to ../build/visual_pubsub/visual_pubsub.egg-info/dependency_links.txt
[1.028s] writing entry points to ../build/visual_pubsub/visual_pubsub.egg-info/entry_points.txt
[1.029s] writing requirements to ../build/visual_pubsub/visual_pubsub.egg-info/requires.txt
[1.029s] writing top-level names to ../build/visual_pubsub/visual_pubsub.egg-info/top_level.txt
[1.029s] writing manifest file '../build/visual_pubsub/visual_pubsub.egg-info/SOURCES.txt'
[1.068s] reading manifest file '../build/visual_pubsub/visual_pubsub.egg-info/SOURCES.txt'
[1.068s] adding license file 'LICENSE'
[1.069s] writing manifest file '../build/visual_pubsub/visual_pubsub.egg-info/SOURCES.txt'
[1.069s] running build
[1.069s] running build_py
[1.069s] creating /home/hector/workspaces/clase_4_ws/src/build/visual_pubsub/build
[1.069s] creating /home/hector/workspaces/clase_4_ws/src/build/visual_pubsub/build/lib
[1.070s] creating /home/hector/workspaces/clase_4_ws/src/build/visual_pubsub/build/lib/visual_pubsub
[1.070s] copying visual_pubsub/__init__.py -> /home/hector/workspaces/clase_4_ws/src/build/visual_pubsub/build/lib/visual_pubsub
[1.070s] copying visual_pubsub/pub_joints.py -> /home/hector/workspaces/clase_4_ws/src/build/visual_pubsub/build/lib/visual_pubsub
[1.070s] copying visual_pubsub/inverse_kinematics.py -> /home/hector/workspaces/clase_4_ws/src/build/visual_pubsub/build/lib/visual_pubsub
[1.070s] copying visual_pubsub/sub_joints.py -> /home/hector/workspaces/clase_4_ws/src/build/visual_pubsub/build/lib/visual_pubsub
[1.070s] running install
[1.075s] running install_lib
[1.094s] creating /home/hector/workspaces/clase_4_ws/src/install/visual_pubsub/lib/python3.12/site-packages/visual_pubsub
[1.095s] copying /home/hector/workspaces/clase_4_ws/src/build/visual_pubsub/build/lib/visual_pubsub/__init__.py -> /home/hector/workspaces/clase_4_ws/src/install/visual_pubsub/lib/python3.12/site-packages/visual_pubsub
[1.095s] copying /home/hector/workspaces/clase_4_ws/src/build/visual_pubsub/build/lib/visual_pubsub/pub_joints.py -> /home/hector/workspaces/clase_4_ws/src/install/visual_pubsub/lib/python3.12/site-packages/visual_pubsub
[1.095s] copying /home/hector/workspaces/clase_4_ws/src/build/visual_pubsub/build/lib/visual_pubsub/inverse_kinematics.py -> /home/hector/workspaces/clase_4_ws/src/install/visual_pubsub/lib/python3.12/site-packages/visual_pubsub
[1.095s] copying /home/hector/workspaces/clase_4_ws/src/build/visual_pubsub/build/lib/visual_pubsub/sub_joints.py -> /home/hector/workspaces/clase_4_ws/src/install/visual_pubsub/lib/python3.12/site-packages/visual_pubsub
[1.095s] byte-compiling /home/hector/workspaces/clase_4_ws/src/install/visual_pubsub/lib/python3.12/site-packages/visual_pubsub/__init__.py to __init__.cpython-312.pyc
[1.095s] byte-compiling /home/hector/workspaces/clase_4_ws/src/install/visual_pubsub/lib/python3.12/site-packages/visual_pubsub/pub_joints.py to pub_joints.cpython-312.pyc
[1.096s] byte-compiling /home/hector/workspaces/clase_4_ws/src/install/visual_pubsub/lib/python3.12/site-packages/visual_pubsub/inverse_kinematics.py to inverse_kinematics.cpython-312.pyc
[1.097s] byte-compiling /home/hector/workspaces/clase_4_ws/src/install/visual_pubsub/lib/python3.12/site-packages/visual_pubsub/sub_joints.py to sub_joints.cpython-312.pyc
[1.097s] running install_data
[1.098s] creating /home/hector/workspaces/clase_4_ws/src/install/visual_pubsub/share/ament_index
[1.098s] creating /home/hector/workspaces/clase_4_ws/src/install/visual_pubsub/share/ament_index/resource_index
[1.098s] creating /home/hector/workspaces/clase_4_ws/src/install/visual_pubsub/share/ament_index/resource_index/packages
[1.098s] copying resource/visual_pubsub -> /home/hector/workspaces/clase_4_ws/src/install/visual_pubsub/share/ament_index/resource_index/packages
[1.098s] copying package.xml -> /home/hector/workspaces/clase_4_ws/src/install/visual_pubsub/share/visual_pubsub
[1.098s] running install_egg_info
[1.119s] Copying ../build/visual_pubsub/visual_pubsub.egg-info to /home/hector/workspaces/clase_4_ws/src/install/visual_pubsub/lib/python3.12/site-packages/visual_pubsub-0.0.0-py3.12.egg-info
[1.120s] running install_scripts
[1.247s] Installing inverse_joints script to /home/hector/workspaces/clase_4_ws/src/install/visual_pubsub/lib/visual_pubsub
[1.247s] Installing pub_joints script to /home/hector/workspaces/clase_4_ws/src/install/visual_pubsub/lib/visual_pubsub
[1.247s] Installing sub_joints script to /home/hector/workspaces/clase_4_ws/src/install/visual_pubsub/lib/visual_pubsub
[1.247s] writing list of installed files to '/home/hector/workspaces/clase_4_ws/src/build/visual_pubsub/install.log'
[1.269s] Invoked command in '/home/hector/workspaces/clase_4_ws/src/visual_pubsub' returned '0': DEBUGINFOD_URLS=https://debuginfod.ubuntu.com PYTHONPATH=/home/hector/workspaces/clase_4_ws/src/build/visual_pubsub/prefix_override:/usr/lib/python3/dist-packages/colcon_core/task/python/colcon_distutils_commands:/home/hector/workspaces/clase_4_ws/src/install/visual_pubsub/lib/python3.12/site-packages:${PYTHONPATH} /usr/bin/python3 -W ignore:setup.py install is deprecated -W ignore:easy_install command is deprecated setup.py egg_info --egg-base ../build/visual_pubsub build --build-base /home/hector/workspaces/clase_4_ws/src/build/visual_pubsub/build install --record /home/hector/workspaces/clase_4_ws/src/build/visual_pubsub/install.log --single-version-externally-managed install_data
