/home/hector/workspaces/clase_4_ws/src/install/visual_pubsub/lib/python3.12/site-packages/visual_pubsub/__init__.py
/home/hector/workspaces/clase_4_ws/src/install/visual_pubsub/lib/python3.12/site-packages/visual_pubsub/pub_joints.py
/home/hector/workspaces/clase_4_ws/src/install/visual_pubsub/lib/python3.12/site-packages/visual_pubsub/inverse_kinematics.py
/home/hector/workspaces/clase_4_ws/src/install/visual_pubsub/lib/python3.12/site-packages/visual_pubsub/sub_joints.py
/home/hector/workspaces/clase_4_ws/src/install/visual_pubsub/lib/python3.12/site-packages/visual_pubsub/__pycache__/__init__.cpython-312.pyc
/home/hector/workspaces/clase_4_ws/src/install/visual_pubsub/lib/python3.12/site-packages/visual_pubsub/__pycache__/pub_joints.cpython-312.pyc
/home/hector/workspaces/clase_4_ws/src/install/visual_pubsub/lib/python3.12/site-packages/visual_pubsub/__pycache__/inverse_kinematics.cpython-312.pyc
/home/hector/workspaces/clase_4_ws/src/install/visual_pubsub/lib/python3.12/site-packages/visual_pubsub/__pycache__/sub_joints.cpython-312.pyc
/home/hector/workspaces/clase_4_ws/src/install/visual_pubsub/share/ament_index/resource_index/packages/visual_pubsub
/home/hector/workspaces/clase_4_ws/src/install/visual_pubsub/share/visual_pubsub/package.xml
/home/hector/workspaces/clase_4_ws/src/install/visual_pubsub/lib/python3.12/site-packages/visual_pubsub-0.0.0-py3.12.egg-info/requires.txt
/home/hector/workspaces/clase_4_ws/src/install/visual_pubsub/lib/python3.12/site-packages/visual_pubsub-0.0.0-py3.12.egg-info/top_level.txt
/home/hector/workspaces/clase_4_ws/src/install/visual_pubsub/lib/python3.12/site-packages/visual_pubsub-0.0.0-py3.12.egg-info/dependency_links.txt
/home/hector/workspaces/clase_4_ws/src/install/visual_pubsub/lib/python3.12/site-packages/visual_pubsub-0.0.0-py3.12.egg-info/zip-safe
/home/hector/workspaces/clase_4_ws/src/install/visual_pubsub/lib/python3.12/site-packages/visual_pubsub-0.0.0-py3.12.egg-info/entry_points.txt
/home/hector/workspaces/clase_4_ws/src/install/visual_pubsub/lib/python3.12/site-packages/visual_pubsub-0.0.0-py3.12.egg-info/PKG-INFO
/home/hector/workspaces/clase_4_ws/src/install/visual_pubsub/lib/python3.12/site-packages/visual_pubsub-0.0.0-py3.12.egg-info/SOURCES.txt
/home/hector/workspaces/clase_4_ws/src/install/visual_pubsub/lib/visual_pubsub/inverse_joints
/home/hector/workspaces/clase_4_ws/src/install/visual_pubsub/lib/visual_pubsub/pub_joints
/home/hector/workspaces/clase_4_ws/src/install/visual_pubsub/lib/visual_pubsub/sub_joints
